<?xml version="1.0" encoding="UTF-8"?>
<!-- Generated by org.testng.reporters.JUnitXMLReporter -->
<testsuite ignored="0" hostname="DESKTOP-7B2N1DS" failures="1" tests="13" name="Test" time="273.804" errors="0" timestamp="2024-09-22T18:42:07 IST">
  <testcase classname="AmazonFlightTest.TC_02_Login" name="TestCase01" time="6.239"/>
  <testcase classname="AmazonFlightTest.TC_03_WrongCredentials" name="WrongCredentials" time="2.684"/>
  <testcase classname="AmazonFlightTest.TC_04_SearchOnWayFlight" name="OneWayTest" time="9.787"/>
  <testcase classname="AmazonFlightTest.TC_05_SearchTwoWayFlight" name="TwoWayTest" time="17.347"/>
  <testcase classname="AmazonFlightTest.TC_06_DifferentClassses" name="TestDiffClasses" time="9.729"/>
  <testcase classname="AmazonFlightTest.TC_08_SelectSeat" name="TestSeatSelection" time="18.719"/>
  <testcase classname="AmazonFlightTest.TC_09_MultiplePassenger" name="TestMultiple" time="39.837">
    <failure type="org.openqa.selenium.NoSuchElementException" message="no such element: Unable to locate element: {&amp;quot;method&amp;quot;:&amp;quot;xpath&amp;quot;,&amp;quot;selector&amp;quot;:&amp;quot;(//div[@id=&amp;apos;fl_tr_delete&amp;apos;]/div[@class=&amp;apos;_8172d157 _6c913dd6 _16d013e2 _948be45e&amp;apos;])[2]&amp;quot;}
  (Session info: chrome=128.0.6613.138)
For documentation on this error, please visit: https://www.selenium.dev/documentation/webdriver/troubleshooting/errors#no-such-element-exception
Build info: version: &amp;apos;4.23.0&amp;apos;, revision: &amp;apos;4df0a231af&amp;apos;
System info: os.name: &amp;apos;Windows 11&amp;apos;, os.arch: &amp;apos;amd64&amp;apos;, os.version: &amp;apos;10.0&amp;apos;, java.version: &amp;apos;17.0.8&amp;apos;
Driver info: org.openqa.selenium.chrome.ChromeDriver
Command: [ac16fadbdbbaf18c3c71605b55340cfe, findElement {value=(//div[@id=&amp;apos;fl_tr_delete&amp;apos;]/div[@class=&amp;apos;_8172d157 _6c913dd6 _16d013e2 _948be45e&amp;apos;])[2], using=xpath}]
Capabilities {acceptInsecureCerts: false, browserName: chrome, browserVersion: 128.0.6613.138, chrome: {chromedriverVersion: 128.0.6613.137 (fe621c5aa2d..., userDataDir: C:\Users\NEEKIK~1\AppData\L...}, fedcm:accounts: true, goog:chromeOptions: {debuggerAddress: localhost:53278}, networkConnectionEnabled: false, pageLoadStrategy: normal, platformName: windows, proxy: Proxy(), se:cdp: ws://localhost:53278/devtoo..., se:cdpVersion: 128.0.6613.138, setWindowRect: true, strictFileInteractability: false, timeouts: {implicit: 0, pageLoad: 300000, script: 30000}, unhandledPromptBehavior: dismiss and notify, webauthn:extension:credBlob: true, webauthn:extension:largeBlob: true, webauthn:extension:minPinLength: true, webauthn:extension:prf: true, webauthn:virtualAuthenticators: true}
Session ID: ac16fadbdbbaf18c3c71605b55340cfe">
      <![CDATA[org.openqa.selenium.NoSuchElementException: no such element: Unable to locate element: {"method":"xpath","selector":"(//div[@id='fl_tr_delete']/div[@class='_8172d157 _6c913dd6 _16d013e2 _948be45e'])[2]"}
  (Session info: chrome=128.0.6613.138)
For documentation on this error, please visit: https://www.selenium.dev/documentation/webdriver/troubleshooting/errors#no-such-element-exception
Build info: version: '4.23.0', revision: '4df0a231af'
System info: os.name: 'Windows 11', os.arch: 'amd64', os.version: '10.0', java.version: '17.0.8'
Driver info: org.openqa.selenium.chrome.ChromeDriver
Command: [ac16fadbdbbaf18c3c71605b55340cfe, findElement {value=(//div[@id='fl_tr_delete']/div[@class='_8172d157 _6c913dd6 _16d013e2 _948be45e'])[2], using=xpath}]
Capabilities {acceptInsecureCerts: false, browserName: chrome, browserVersion: 128.0.6613.138, chrome: {chromedriverVersion: 128.0.6613.137 (fe621c5aa2d..., userDataDir: C:\Users\NEEKIK~1\AppData\L...}, fedcm:accounts: true, goog:chromeOptions: {debuggerAddress: localhost:53278}, networkConnectionEnabled: false, pageLoadStrategy: normal, platformName: windows, proxy: Proxy(), se:cdp: ws://localhost:53278/devtoo..., se:cdpVersion: 128.0.6613.138, setWindowRect: true, strictFileInteractability: false, timeouts: {implicit: 0, pageLoad: 300000, script: 30000}, unhandledPromptBehavior: dismiss and notify, webauthn:extension:credBlob: true, webauthn:extension:largeBlob: true, webauthn:extension:minPinLength: true, webauthn:extension:prf: true, webauthn:virtualAuthenticators: true}
Session ID: ac16fadbdbbaf18c3c71605b55340cfe
at org.openqa.selenium.remote.ErrorCodec.decode(ErrorCodec.java:167)
at org.openqa.selenium.remote.codec.w3c.W3CHttpResponseCodec.decode(W3CHttpResponseCodec.java:138)
at org.openqa.selenium.remote.codec.w3c.W3CHttpResponseCodec.decode(W3CHttpResponseCodec.java:50)
at org.openqa.selenium.remote.HttpCommandExecutor.execute(HttpCommandExecutor.java:190)
at org.openqa.selenium.remote.service.DriverCommandExecutor.invokeExecute(DriverCommandExecutor.java:216)
at org.openqa.selenium.remote.service.DriverCommandExecutor.execute(DriverCommandExecutor.java:174)
at org.openqa.selenium.remote.RemoteWebDriver.execute(RemoteWebDriver.java:527)
at org.openqa.selenium.remote.ElementLocation$ElementFinder$2.findElement(ElementLocation.java:165)
at org.openqa.selenium.remote.ElementLocation.findElement(ElementLocation.java:59)
at org.openqa.selenium.remote.RemoteWebDriver.findElement(RemoteWebDriver.java:357)
at org.openqa.selenium.remote.RemoteWebDriver.findElement(RemoteWebDriver.java:351)
at org.openqa.selenium.support.pagefactory.DefaultElementLocator.findElement(DefaultElementLocator.java:68)
at org.openqa.selenium.support.pagefactory.internal.LocatingElementHandler.invoke(LocatingElementHandler.java:38)
at jdk.proxy2/jdk.proxy2.$Proxy10.click(Unknown Source)
at amazonFlight.TravelersDetialsPage.clickDelete(TravelersDetialsPage.java:84)
at AmazonFlightTest.TC_09_MultiplePassenger.TestMultiple(TC_09_MultiplePassenger.java:71)
at java.base/java.util.ArrayList.forEach(ArrayList.java:1511)
... Removed 36 stack frames]]>
    </failure>
  </testcase> <!-- TestMultiple -->
  <testcase classname="AmazonFlightTest.TC_10_ViewFareDetails" name="testCaseFareDetails" time="17.457"/>
  <testcase classname="AmazonFlightTest.TC_11_VerifytestfieldsAndOffers" name="testCase11" time="21.357"/>
  <testcase classname="AmazonFlightTest.TC_12_LoginSearchLogout" name="testcaseSearchlogout" time="14.37"/>
  <testcase classname="AmazonFlightTest.TC_13_ApplyCode" name="verifyApplyCode" time="17.201"/>
  <testcase classname="AmazonFlightTest.TC_14_RoundTripSearch" name="testCaseRoundTrip" time="19.176"/>
  <testcase classname="AmazonFlightTest.TC_15_CheckPayement" name="testPayment" time="33.909"/>
</testsuite> <!-- Test -->
